c:\users\yy\desktop\大作业——加强整合版\consoleapplication1\consoleapplication1\debug\vc140.pdb
c:\users\yy\desktop\大作业——最终修订版\consoleapplication1\consoleapplication1\debug\vc140.pdb
c:\users\yy\desktop\大作业——最终修订版\consoleapplication1\consoleapplication1\debug\vc140.idb
c:\users\yy\desktop\大作业——最终修订版\consoleapplication1\consoleapplication1\debug\main.obj
c:\users\yy\desktop\大作业——最终修订版\consoleapplication1\consoleapplication1\debug\particle.obj
c:\users\yy\desktop\大作业——最终修订版\consoleapplication1\consoleapplication1\debug\snow.obj
c:\users\yy\desktop\大作业——最终修订版\consoleapplication1\consoleapplication1\debug\star.obj
c:\users\yy\desktop\大作业——最终修订版\consoleapplication1\consoleapplication1\debug\tree.obj
c:\users\yy\desktop\大作业——最终修订版\consoleapplication1\consoleapplication1\debug\word.obj
c:\users\yy\desktop\大作业——加强整合版\consoleapplication1\debug\consoleapplication1.ilk
c:\users\yy\desktop\大作业——加强整合版\consoleapplication1\debug\consoleapplication1.exe
c:\users\yy\desktop\大作业——加强整合版\consoleapplication1\debug\consoleapplication1.pdb
c:\users\yy\desktop\大作业——最终修订版\consoleapplication1\debug\consoleapplication1.ilk
c:\users\yy\desktop\大作业——最终修订版\consoleapplication1\debug\consoleapplication1.exe
c:\users\yy\desktop\大作业——最终修订版\consoleapplication1\debug\consoleapplication1.pdb
c:\users\yy\desktop\大作业——最终修订版\consoleapplication1\consoleapplication1\debug\consolea.e4fb0aa3.tlog\cl.command.1.tlog
c:\users\yy\desktop\大作业——最终修订版\consoleapplication1\consoleapplication1\debug\consolea.e4fb0aa3.tlog\cl.read.1.tlog
c:\users\yy\desktop\大作业——最终修订版\consoleapplication1\consoleapplication1\debug\consolea.e4fb0aa3.tlog\cl.write.1.tlog
c:\users\yy\desktop\大作业——最终修订版\consoleapplication1\consoleapplication1\debug\consolea.e4fb0aa3.tlog\link.command.1.tlog
c:\users\yy\desktop\大作业——最终修订版\consoleapplication1\consoleapplication1\debug\consolea.e4fb0aa3.tlog\link.read.1.tlog
c:\users\yy\desktop\大作业——最终修订版\consoleapplication1\consoleapplication1\debug\consolea.e4fb0aa3.tlog\link.write.1.tlog
